15:31:31,607 0    [main] INFO  class amuse.preferences.AmusePreferences - Using the environment variable 'AMUSEHOME'
15:31:31,839 232  [main] INFO  amuse.scheduler.Scheduler - Scheduler started...
15:33:53,176 141569 [Thread-0] INFO  amuse.scheduler.pluginmanagement.PluginInstaller - Starting plugin installation..........
15:33:53,179 141572 [Thread-0] INFO  amuse.scheduler.pluginmanagement.PluginInstaller - AMUSE version check...
15:33:53,183 141576 [Thread-0] INFO  amuse.scheduler.pluginmanagement.PluginInstaller - Required version: 0.1 beta; current version: 0.1 beta
15:33:53,184 141577 [Thread-0] INFO  amuse.scheduler.pluginmanagement.PluginInstaller - ..check passed
15:33:53,184 141577 [Thread-0] INFO  amuse.scheduler.pluginmanagement.PluginInstaller - Starting plugin state check...
15:33:53,187 141580 [Thread-0] INFO  amuse.scheduler.pluginmanagement.PluginInstaller - ..check passed (plugin not installed)
15:33:53,187 141580 [Thread-0] INFO  amuse.scheduler.pluginmanagement.PluginInstaller - Starting tool state check...
15:33:53,196 141589 [Thread-0] INFO  amuse.scheduler.pluginmanagement.PluginInstaller - ..check passed
15:33:53,197 141590 [Thread-0] INFO  amuse.scheduler.pluginmanagement.PluginInstaller - Starting copying of plugin jar...
15:33:53,200 141593 [Thread-0] INFO  amuse.util.FileOperations - Copying: /home/ginsel/workspace_git/AMUSE/amusePluginSonicAnnotator/amusePluginSonicAnnotator.jar
15:33:53,204 141597 [Thread-0] INFO  amuse.scheduler.pluginmanagement.PluginInstaller - ..copying finished
15:33:53,205 141598 [Thread-0] INFO  amuse.scheduler.pluginmanagement.PluginInstaller - Starting tool list update...
15:33:53,210 141603 [Thread-0] INFO  amuse.scheduler.pluginmanagement.PluginInstaller - Installing Sonic Annotator...
15:33:53,213 141606 [Thread-0] INFO  amuse.util.FileOperations - Copying: /home/ginsel/workspace_git/AMUSE/amusePluginSonicAnnotator/SonicAnnotator/SonicAnnotatorBase.xml
15:33:53,218 141611 [Thread-0] INFO  amuse.util.FileOperations - Copying: /home/ginsel/workspace_git/AMUSE/amusePluginSonicAnnotator/SonicAnnotator/Plugins/nnls-chroma.so
15:33:53,235 141628 [Thread-0] INFO  amuse.util.FileOperations - Copying: /home/ginsel/workspace_git/AMUSE/amusePluginSonicAnnotator/SonicAnnotator/Plugins/nnls-chroma.cat
15:33:53,238 141631 [Thread-0] INFO  amuse.util.FileOperations - Copying: /home/ginsel/workspace_git/AMUSE/amusePluginSonicAnnotator/SonicAnnotator/Plugins/nnls-chroma.n3
15:33:53,241 141634 [Thread-0] INFO  amuse.util.FileOperations - Copying: /home/ginsel/workspace_git/AMUSE/amusePluginSonicAnnotator/SonicAnnotator/sonic-annotator
15:33:53,431 141824 [Thread-0] INFO  amuse.scheduler.pluginmanagement.PluginInstaller - ..Sonic Annotator is successfully installed
15:33:53,436 141829 [Thread-0] DEBUG amuse.util.FileOperations - Moving: /home/ginsel/workspace_git/amuse/config/toolTableUpdated.arff
15:33:53,438 141831 [Thread-0] INFO  amuse.scheduler.pluginmanagement.PluginInstaller - ..update finished
15:33:53,439 141832 [Thread-0] INFO  amuse.scheduler.pluginmanagement.PluginInstaller - Starting feature extractors list update...
15:33:53,447 141840 [Thread-0] DEBUG amuse.util.FileOperations - Moving: /home/ginsel/workspace_git/amuse/config/featureExtractorToolTableUpdated.arff
15:33:53,448 141841 [Thread-0] INFO  amuse.scheduler.pluginmanagement.PluginInstaller - ..update finished
15:33:53,449 141842 [Thread-0] INFO  amuse.scheduler.pluginmanagement.PluginInstaller - Starting feature list update...
15:33:53,465 141858 [Thread-0] DEBUG amuse.util.FileOperations - Moving: /home/ginsel/workspace_git/amuse/config/featureTableUpdated.arff
15:33:53,465 141858 [Thread-0] INFO  amuse.scheduler.pluginmanagement.PluginInstaller - ..update finished
15:33:53,466 141859 [Thread-0] INFO  amuse.scheduler.pluginmanagement.PluginInstaller - Starting plugin list update...
15:33:53,470 141863 [Thread-0] DEBUG amuse.util.FileOperations - Moving: /home/ginsel/workspace_git/amuse/config/pluginTableUpdated.arff
15:33:53,472 141865 [Thread-0] INFO  amuse.scheduler.pluginmanagement.PluginInstaller - ..update finished
15:33:53,473 141866 [Thread-0] INFO  amuse.scheduler.pluginmanagement.PluginInstaller - Saving data for deinstallation...
15:33:53,475 141868 [Thread-0] INFO  amuse.util.FileOperations - Copying: /home/ginsel/workspace_git/AMUSE/amusePluginSonicAnnotator/plugin.properties
15:33:53,478 141871 [Thread-0] INFO  amuse.util.FileOperations - Copying: /home/ginsel/workspace_git/AMUSE/amusePluginSonicAnnotator/pluginManager.jar
15:33:53,480 141873 [Thread-0] INFO  amuse.util.FileOperations - Copying: /home/ginsel/workspace_git/AMUSE/amusePluginSonicAnnotator/featureTable.arff
15:33:53,482 141875 [Thread-0] INFO  amuse.util.FileOperations - Copying: /home/ginsel/workspace_git/AMUSE/amusePluginSonicAnnotator/featureExtractorToolTable.arff
15:33:53,485 141878 [Thread-0] INFO  amuse.scheduler.pluginmanagement.PluginInstaller - ..data saved
15:33:53,485 141878 [Thread-0] INFO  amuse.scheduler.pluginmanagement.PluginInstaller - Starting plugin-specific installation routines...
15:33:53,490 141883 [Thread-0] INFO  amuse.scheduler.pluginmanagement.PluginInstaller - ..installation routines finished
15:33:53,490 141883 [Thread-0] INFO  amuse.scheduler.pluginmanagement.PluginInstaller - ..........plugin succesfully installed
15:35:58,975 0    [main] INFO  class amuse.preferences.AmusePreferences - Using the environment variable 'AMUSEHOME'
15:35:59,212 237  [main] INFO  amuse.scheduler.pluginmanagement.PluginLoader - Plugin classes from amusePluginSonicAnnotator.jar loaded
15:35:59,213 238  [main] INFO  amuse.scheduler.Scheduler - Scheduler started...
15:36:40,625 41650 [Thread-0] DEBUG amuse.scheduler.taskstarters.FeatureExtractionStarter - Feature table loaded
15:36:40,685 41710 [Thread-0] DEBUG amuse.nodes.extractor.methods.SonicAnnotatorAdapter - Feature with ID '262' will be extracted with SonicAnnotator
15:36:40,711 41736 [Thread-0] DEBUG amuse.scheduler.taskstarters.FeatureExtractionStarter - SonicAnnotator base script converted
15:36:40,715 41740 [Thread-1] DEBUG amuse.nodes.extractor.ExtractorNodeScheduler - amuse.nodes.extractor.ExtractorNodeScheduler thread started
15:36:40,717 41742 [Thread-1] INFO  amuse.nodes.extractor.ExtractorNodeScheduler - Extractor node scheduler for 1517/1517-Artists/Alternative_and_Punk/3rd_Lane-Nightmare_of_Reality.wav configured; starting decoding..
15:36:40,738 41763 [Thread-1] INFO  amuse.util.audio.AudioFileConversion - Converting 3rd_Lane-Nightmare_of_Reality.mp3 to wave.
15:36:42,590 43615 [Thread-1] DEBUG amuse.util.audio.AudioFileConversion - Starting: tmp_3rd_Lane-Nightmare_of_Reality.mp3 44100kHz, 2
15:36:44,436 45461 [Thread-1] DEBUG amuse.util.audio.AudioFileConversion - Result: 3rd_Lane-Nightmare_of_Reality.wav 22050kHz, 1
15:36:44,730 45755 [Thread-1] INFO  amuse.nodes.extractor.ExtractorNodeScheduler - ..decoding completed!
15:36:44,734 45759 [Thread-1] DEBUG amuse.nodes.extractor.ExtractorNodeScheduler - Extractor is configured: amuse.nodes.extractor.methods.SonicAnnotatorAdapter
15:36:44,736 45761 [Thread-1] DEBUG amuse.nodes.extractor.methods.SonicAnnotatorAdapter - Starting feature extraction...
15:36:47,862 48887 [Thread-1] ERROR amuse.nodes.extractor.ExtractorNodeScheduler - Error occured during feature extraction with extractor 'SonicAnnotator': Cannot convert Sonic Annotator feature file to AMUSE feature file: amuse.nodes.extractor.methods.nnlsderived.ChordVector
15:36:47,878 48903 [Thread-1] DEBUG amuse.util.FileOperations - Unable to move file. Now using copy/delete.
15:36:47,883 48908 [Thread-1] DEBUG amuse.nodes.extractor.ExtractorNodeScheduler - Features extracted with 'SonicAnnotator' are copied to feature database
15:36:47,885 48910 [Thread-1] INFO  amuse.nodes.extractor.ExtractorNodeScheduler - All extractors finished their work
15:36:47,887 48912 [Thread-1] DEBUG amuse.util.FileOperations - Deleting: /home/ginsel/workspace_git/amuse/config/node/extractor/input/task_0/1/3rd_Lane-Nightmare_of_Reality.wav
15:36:47,890 48915 [Thread-1] DEBUG amuse.util.FileOperations - Deleting: /home/ginsel/workspace_git/amuse/config/node/extractor/input/task_0/1/SonicAnnotatorTMP/3rd_Lane-Nightmare_of_Reality_vamp_nnls-chroma_chordino_simplechord.csv
15:36:47,893 48918 [Thread-1] INFO  amuse.scheduler.taskstarters.FeatureExtractionStarter - Job 0 ready
15:36:47,894 48919 [Thread-1] DEBUG amuse.util.FileOperations - Deleting: /home/ginsel/workspace_git/amuse/config/node/extractor/input/task_0
15:36:47,896 48921 [Thread-1] DEBUG amuse.util.FileOperations - Deleting: /home/ginsel/workspace_git/amuse/config/node/extractor/input/task_0
15:36:48,716 49741 [Thread-0] INFO  amuse.scheduler.taskstarters.FeatureExtractionStarter - 1/1 feature extraction jobs finished successfully!
15:43:22,033 443058 [Thread-2] DEBUG amuse.scheduler.taskstarters.FeatureExtractionStarter - Feature table loaded
15:43:22,044 443069 [Thread-2] DEBUG amuse.nodes.extractor.methods.SonicAnnotatorAdapter - Feature with ID '256' will be extracted with SonicAnnotator
15:43:22,048 443073 [Thread-2] DEBUG amuse.scheduler.taskstarters.FeatureExtractionStarter - SonicAnnotator base script converted
15:43:22,051 443076 [Thread-3] DEBUG amuse.nodes.extractor.ExtractorNodeScheduler - amuse.nodes.extractor.ExtractorNodeScheduler thread started
15:43:22,051 443076 [Thread-3] INFO  amuse.nodes.extractor.ExtractorNodeScheduler - Extractor node scheduler for 1517/1517-Artists/Alternative_and_Punk/3rd_Lane-Nightmare_of_Reality.wav configured; starting decoding..
15:43:22,062 443087 [Thread-3] INFO  amuse.util.audio.AudioFileConversion - Converting 3rd_Lane-Nightmare_of_Reality.mp3 to wave.
15:43:23,766 444791 [Thread-3] DEBUG amuse.util.audio.AudioFileConversion - Starting: tmp_3rd_Lane-Nightmare_of_Reality.mp3 44100kHz, 2
15:43:25,557 446582 [Thread-3] DEBUG amuse.util.audio.AudioFileConversion - Result: 3rd_Lane-Nightmare_of_Reality.wav 22050kHz, 1
15:43:25,852 446877 [Thread-3] INFO  amuse.nodes.extractor.ExtractorNodeScheduler - ..decoding completed!
15:43:25,855 446880 [Thread-3] DEBUG amuse.nodes.extractor.ExtractorNodeScheduler - Extractor is configured: amuse.nodes.extractor.methods.SonicAnnotatorAdapter
15:43:25,856 446881 [Thread-3] DEBUG amuse.nodes.extractor.methods.SonicAnnotatorAdapter - Starting feature extraction...
15:43:28,921 449946 [Thread-3] DEBUG amuse.util.FileOperations - Moving: /home/ginsel/workspace_git/amuse/config/node/extractor/input/task_1/1/SonicAnnotator
15:43:28,923 449948 [Thread-3] DEBUG amuse.nodes.extractor.ExtractorNodeScheduler - Features extracted with 'SonicAnnotator' are copied to feature database
15:43:28,924 449949 [Thread-3] INFO  amuse.nodes.extractor.ExtractorNodeScheduler - All extractors finished their work
15:43:28,926 449951 [Thread-3] DEBUG amuse.util.FileOperations - Deleting: /home/ginsel/workspace_git/amuse/config/node/extractor/input/task_1/1/SonicAnnotatorTMP/3rd_Lane-Nightmare_of_Reality_vamp_nnls-chroma_chordino_simplechord.csv
15:43:28,929 449954 [Thread-3] DEBUG amuse.util.FileOperations - Deleting: /home/ginsel/workspace_git/amuse/config/node/extractor/input/task_1/1/3rd_Lane-Nightmare_of_Reality.wav
15:43:28,933 449958 [Thread-3] INFO  amuse.scheduler.taskstarters.FeatureExtractionStarter - Job 1 ready
15:43:28,933 449958 [Thread-3] DEBUG amuse.util.FileOperations - Deleting: /home/ginsel/workspace_git/amuse/config/node/extractor/input/task_1
15:43:28,934 449959 [Thread-3] DEBUG amuse.util.FileOperations - Deleting: /home/ginsel/workspace_git/amuse/config/node/extractor/input/task_1
15:43:29,051 450076 [Thread-2] INFO  amuse.scheduler.taskstarters.FeatureExtractionStarter - 1/1 feature extraction jobs finished successfully!
15:43:54,785 475810 [Thread-4] DEBUG amuse.scheduler.taskstarters.FeatureExtractionStarter - Feature table loaded
15:43:54,791 475816 [Thread-4] DEBUG amuse.nodes.extractor.methods.SonicAnnotatorAdapter - Feature with ID '262' will be extracted with SonicAnnotator
15:43:54,795 475820 [Thread-4] DEBUG amuse.scheduler.taskstarters.FeatureExtractionStarter - SonicAnnotator base script converted
15:43:54,799 475824 [Thread-5] DEBUG amuse.nodes.extractor.ExtractorNodeScheduler - amuse.nodes.extractor.ExtractorNodeScheduler thread started
15:43:54,800 475825 [Thread-5] INFO  amuse.nodes.extractor.ExtractorNodeScheduler - Extractor node scheduler for 1517/1517-Artists/Alternative_and_Punk/3rd_Lane-Nightmare_of_Reality.wav configured; starting decoding..
15:43:54,803 475828 [Thread-5] INFO  amuse.util.audio.AudioFileConversion - Converting 3rd_Lane-Nightmare_of_Reality.mp3 to wave.
15:43:56,466 477491 [Thread-5] DEBUG amuse.util.audio.AudioFileConversion - Starting: tmp_3rd_Lane-Nightmare_of_Reality.mp3 44100kHz, 2
15:43:58,262 479287 [Thread-5] DEBUG amuse.util.audio.AudioFileConversion - Result: 3rd_Lane-Nightmare_of_Reality.wav 22050kHz, 1
15:43:58,557 479582 [Thread-5] INFO  amuse.nodes.extractor.ExtractorNodeScheduler - ..decoding completed!
15:43:58,560 479585 [Thread-5] DEBUG amuse.nodes.extractor.ExtractorNodeScheduler - Extractor is configured: amuse.nodes.extractor.methods.SonicAnnotatorAdapter
15:43:58,560 479585 [Thread-5] DEBUG amuse.nodes.extractor.methods.SonicAnnotatorAdapter - Starting feature extraction...
15:44:01,550 482575 [Thread-5] ERROR amuse.nodes.extractor.ExtractorNodeScheduler - Error occured during feature extraction with extractor 'SonicAnnotator': Cannot convert Sonic Annotator feature file to AMUSE feature file: amuse.nodes.extractor.methods.nnlsderived.ChordVector
15:44:01,552 482577 [Thread-5] DEBUG amuse.util.FileOperations - Unable to move file. Now using copy/delete.
15:44:01,556 482581 [Thread-5] DEBUG amuse.nodes.extractor.ExtractorNodeScheduler - Features extracted with 'SonicAnnotator' are copied to feature database
15:44:01,556 482581 [Thread-5] INFO  amuse.nodes.extractor.ExtractorNodeScheduler - All extractors finished their work
15:44:01,559 482584 [Thread-5] DEBUG amuse.util.FileOperations - Deleting: /home/ginsel/workspace_git/amuse/config/node/extractor/input/task_2/1/SonicAnnotatorTMP/3rd_Lane-Nightmare_of_Reality_vamp_nnls-chroma_chordino_simplechord.csv
15:44:01,560 482585 [Thread-5] DEBUG amuse.util.FileOperations - Deleting: /home/ginsel/workspace_git/amuse/config/node/extractor/input/task_2/1/3rd_Lane-Nightmare_of_Reality.wav
15:44:01,563 482588 [Thread-5] INFO  amuse.scheduler.taskstarters.FeatureExtractionStarter - Job 2 ready
15:44:01,564 482589 [Thread-5] DEBUG amuse.util.FileOperations - Deleting: /home/ginsel/workspace_git/amuse/config/node/extractor/input/task_2
15:44:01,565 482590 [Thread-5] DEBUG amuse.util.FileOperations - Deleting: /home/ginsel/workspace_git/amuse/config/node/extractor/input/task_2
15:44:01,798 482823 [Thread-4] INFO  amuse.scheduler.taskstarters.FeatureExtractionStarter - 1/1 feature extraction jobs finished successfully!
15:47:13,153 0    [main] INFO  class amuse.preferences.AmusePreferences - Using the environment variable 'AMUSEHOME'
15:47:13,359 206  [main] INFO  amuse.scheduler.pluginmanagement.PluginLoader - Plugin classes from amusePluginSonicAnnotator.jar loaded
15:47:13,360 207  [main] INFO  amuse.scheduler.Scheduler - Scheduler started...
15:47:20,907 7754 [Thread-0] INFO  amuse.scheduler.pluginmanagement.PluginRemover - Starting plugin removal..........
15:47:20,909 7756 [Thread-0] INFO  amuse.scheduler.pluginmanagement.PluginRemover - Starting plugin state check...
15:47:20,913 7760 [Thread-0] INFO  amuse.scheduler.pluginmanagement.PluginRemover - ..check passed (plugin installed)
15:47:20,915 7762 [Thread-0] INFO  amuse.scheduler.pluginmanagement.PluginRemover - Starting plugin list update...
15:47:20,923 7770 [Thread-0] DEBUG amuse.util.FileOperations - Moving: /home/ginsel/workspace_git/amuse/config/pluginTableUpdated.arff
15:47:20,923 7770 [Thread-0] INFO  amuse.scheduler.pluginmanagement.PluginRemover - ..update finished
15:47:20,925 7772 [Thread-0] INFO  amuse.scheduler.pluginmanagement.PluginRemover - Deleting the plugin jar...
15:47:20,927 7774 [Thread-0] INFO  amuse.util.FileOperations - Deleting: /home/ginsel/workspace_git/amuse/lib/plugins/amusePluginSonicAnnotator.jar
15:47:20,929 7776 [Thread-0] INFO  amuse.scheduler.pluginmanagement.PluginRemover - ..deleting finished
15:47:20,930 7777 [Thread-0] INFO  amuse.scheduler.pluginmanagement.PluginRemover - Starting tool removal and tool list update...
15:47:20,938 7785 [Thread-0] INFO  amuse.util.FileOperations - Deleting: /home/ginsel/workspace_git/amuse/tools/SonicAnnotator/SonicAnnotatorBase.xml
15:47:20,941 7788 [Thread-0] INFO  amuse.util.FileOperations - Deleting: /home/ginsel/workspace_git/amuse/tools/SonicAnnotator/Plugins/nnls-chroma.so
15:47:20,944 7791 [Thread-0] INFO  amuse.util.FileOperations - Deleting: /home/ginsel/workspace_git/amuse/tools/SonicAnnotator/Plugins/nnls-chroma.cat
15:47:20,947 7794 [Thread-0] INFO  amuse.util.FileOperations - Deleting: /home/ginsel/workspace_git/amuse/tools/SonicAnnotator/Plugins/nnls-chroma.n3
15:47:20,950 7797 [Thread-0] INFO  amuse.util.FileOperations - Deleting: /home/ginsel/workspace_git/amuse/tools/SonicAnnotator/sonic-annotator
15:47:20,953 7800 [Thread-0] INFO  amuse.util.FileOperations - Deleting: /home/ginsel/workspace_git/amuse/tools/SonicAnnotator/SonicAnnotatorBaseModified.xml
15:47:20,958 7805 [Thread-0] DEBUG amuse.util.FileOperations - Moving: /home/ginsel/workspace_git/amuse/config/toolTableUpdated.arff
15:47:20,959 7806 [Thread-0] INFO  amuse.scheduler.pluginmanagement.PluginRemover - ..removal and update finished
15:47:20,961 7808 [Thread-0] INFO  amuse.scheduler.pluginmanagement.PluginRemover - Starting feature list update...
15:47:20,979 7826 [Thread-0] DEBUG amuse.util.FileOperations - Moving: /home/ginsel/workspace_git/amuse/config/featureTableUpdated.arff
15:47:20,980 7827 [Thread-0] INFO  amuse.scheduler.pluginmanagement.PluginRemover - ..update finished
15:47:20,982 7829 [Thread-0] INFO  amuse.scheduler.pluginmanagement.PluginRemover - Starting feature extractor list update...
15:47:20,991 7838 [Thread-0] DEBUG amuse.util.FileOperations - Moving: /home/ginsel/workspace_git/amuse/config/featureExtractorToolTableUpdated.arff
15:47:20,991 7838 [Thread-0] INFO  amuse.scheduler.pluginmanagement.PluginRemover - ..update finished
15:47:20,992 7839 [Thread-0] INFO  amuse.scheduler.pluginmanagement.PluginRemover - Starting plugin-specific deinstallation routines...
15:47:20,998 7845 [Thread-0] INFO  amuse.scheduler.pluginmanagement.PluginRemover - ..deinstallation routines finished
15:47:21,000 7847 [Thread-0] INFO  amuse.scheduler.pluginmanagement.PluginRemover - Removing the plugin deinstallation data...
15:47:21,002 7849 [Thread-0] INFO  amuse.util.FileOperations - Deleting: /home/ginsel/workspace_git/amuse/config/plugininfo/3/featureTable.arff
15:47:21,004 7851 [Thread-0] INFO  amuse.util.FileOperations - Deleting: /home/ginsel/workspace_git/amuse/config/plugininfo/3/pluginManager.jar
15:47:21,006 7853 [Thread-0] INFO  amuse.util.FileOperations - Deleting: /home/ginsel/workspace_git/amuse/config/plugininfo/3/plugin.properties
15:47:21,007 7854 [Thread-0] INFO  amuse.util.FileOperations - Deleting: /home/ginsel/workspace_git/amuse/config/plugininfo/3/featureExtractorToolTable.arff
15:47:21,009 7856 [Thread-0] INFO  amuse.scheduler.pluginmanagement.PluginRemover - ..data removed
15:47:21,009 7856 [Thread-0] INFO  amuse.scheduler.pluginmanagement.PluginRemover - ..........plugin succesfully removed
15:47:33,475 20322 [Thread-1] INFO  amuse.scheduler.pluginmanagement.PluginInstaller - Starting plugin installation..........
15:47:33,476 20323 [Thread-1] INFO  amuse.scheduler.pluginmanagement.PluginInstaller - AMUSE version check...
15:47:33,477 20324 [Thread-1] INFO  amuse.scheduler.pluginmanagement.PluginInstaller - Required version: 0.1 beta; current version: 0.1 beta
15:47:33,478 20325 [Thread-1] INFO  amuse.scheduler.pluginmanagement.PluginInstaller - ..check passed
15:47:33,478 20325 [Thread-1] INFO  amuse.scheduler.pluginmanagement.PluginInstaller - Starting plugin state check...
15:47:33,481 20328 [Thread-1] INFO  amuse.scheduler.pluginmanagement.PluginInstaller - ..check passed (plugin not installed)
15:47:33,482 20329 [Thread-1] INFO  amuse.scheduler.pluginmanagement.PluginInstaller - Starting tool state check...
15:47:33,487 20334 [Thread-1] INFO  amuse.scheduler.pluginmanagement.PluginInstaller - ..check passed
15:47:33,488 20335 [Thread-1] INFO  amuse.scheduler.pluginmanagement.PluginInstaller - Starting copying of plugin jar...
15:47:33,488 20335 [Thread-1] INFO  amuse.util.FileOperations - Copying: /home/ginsel/workspace_git/AMUSE/amusePluginSonicAnnotator/amusePluginSonicAnnotator.jar
15:47:33,492 20339 [Thread-1] INFO  amuse.scheduler.pluginmanagement.PluginInstaller - ..copying finished
15:47:33,492 20339 [Thread-1] INFO  amuse.scheduler.pluginmanagement.PluginInstaller - Starting tool list update...
15:47:33,496 20343 [Thread-1] INFO  amuse.scheduler.pluginmanagement.PluginInstaller - Installing Sonic Annotator...
15:47:33,499 20346 [Thread-1] INFO  amuse.util.FileOperations - Copying: /home/ginsel/workspace_git/AMUSE/amusePluginSonicAnnotator/SonicAnnotator/SonicAnnotatorBase.xml
15:47:33,503 20350 [Thread-1] INFO  amuse.util.FileOperations - Copying: /home/ginsel/workspace_git/AMUSE/amusePluginSonicAnnotator/SonicAnnotator/Plugins/nnls-chroma.so
15:47:33,520 20367 [Thread-1] INFO  amuse.util.FileOperations - Copying: /home/ginsel/workspace_git/AMUSE/amusePluginSonicAnnotator/SonicAnnotator/Plugins/nnls-chroma.cat
15:47:33,522 20369 [Thread-1] INFO  amuse.util.FileOperations - Copying: /home/ginsel/workspace_git/AMUSE/amusePluginSonicAnnotator/SonicAnnotator/Plugins/nnls-chroma.n3
15:47:33,525 20372 [Thread-1] INFO  amuse.util.FileOperations - Copying: /home/ginsel/workspace_git/AMUSE/amusePluginSonicAnnotator/SonicAnnotator/sonic-annotator
15:47:33,720 20567 [Thread-1] INFO  amuse.scheduler.pluginmanagement.PluginInstaller - ..Sonic Annotator is successfully installed
15:47:33,725 20572 [Thread-1] DEBUG amuse.util.FileOperations - Moving: /home/ginsel/workspace_git/amuse/config/toolTableUpdated.arff
15:47:33,726 20573 [Thread-1] INFO  amuse.scheduler.pluginmanagement.PluginInstaller - ..update finished
15:47:33,727 20574 [Thread-1] INFO  amuse.scheduler.pluginmanagement.PluginInstaller - Starting feature extractors list update...
15:47:33,735 20582 [Thread-1] DEBUG amuse.util.FileOperations - Moving: /home/ginsel/workspace_git/amuse/config/featureExtractorToolTableUpdated.arff
15:47:33,735 20582 [Thread-1] INFO  amuse.scheduler.pluginmanagement.PluginInstaller - ..update finished
15:47:33,736 20583 [Thread-1] INFO  amuse.scheduler.pluginmanagement.PluginInstaller - Starting feature list update...
15:47:33,750 20597 [Thread-1] DEBUG amuse.util.FileOperations - Moving: /home/ginsel/workspace_git/amuse/config/featureTableUpdated.arff
15:47:33,751 20598 [Thread-1] INFO  amuse.scheduler.pluginmanagement.PluginInstaller - ..update finished
15:47:33,752 20599 [Thread-1] INFO  amuse.scheduler.pluginmanagement.PluginInstaller - Starting plugin list update...
15:47:33,756 20603 [Thread-1] DEBUG amuse.util.FileOperations - Moving: /home/ginsel/workspace_git/amuse/config/pluginTableUpdated.arff
15:47:33,757 20604 [Thread-1] INFO  amuse.scheduler.pluginmanagement.PluginInstaller - ..update finished
15:47:33,757 20604 [Thread-1] INFO  amuse.scheduler.pluginmanagement.PluginInstaller - Saving data for deinstallation...
15:47:33,758 20605 [Thread-1] INFO  amuse.util.FileOperations - Copying: /home/ginsel/workspace_git/AMUSE/amusePluginSonicAnnotator/plugin.properties
15:47:33,760 20607 [Thread-1] INFO  amuse.util.FileOperations - Copying: /home/ginsel/workspace_git/AMUSE/amusePluginSonicAnnotator/pluginManager.jar
15:47:33,762 20609 [Thread-1] INFO  amuse.util.FileOperations - Copying: /home/ginsel/workspace_git/AMUSE/amusePluginSonicAnnotator/featureTable.arff
15:47:33,764 20611 [Thread-1] INFO  amuse.util.FileOperations - Copying: /home/ginsel/workspace_git/AMUSE/amusePluginSonicAnnotator/featureExtractorToolTable.arff
15:47:33,766 20613 [Thread-1] INFO  amuse.scheduler.pluginmanagement.PluginInstaller - ..data saved
15:47:33,766 20613 [Thread-1] INFO  amuse.scheduler.pluginmanagement.PluginInstaller - Starting plugin-specific installation routines...
15:47:33,768 20615 [Thread-1] INFO  amuse.scheduler.pluginmanagement.PluginInstaller - ..installation routines finished
15:47:33,768 20615 [Thread-1] INFO  amuse.scheduler.pluginmanagement.PluginInstaller - ..........plugin succesfully installed
15:47:53,932 40779 [Thread-2] DEBUG amuse.scheduler.taskstarters.FeatureExtractionStarter - Feature table loaded
15:47:53,995 40842 [Thread-2] DEBUG amuse.nodes.extractor.methods.SonicAnnotatorAdapter - Feature with ID '262' will be extracted with SonicAnnotator
15:47:54,019 40866 [Thread-2] DEBUG amuse.scheduler.taskstarters.FeatureExtractionStarter - SonicAnnotator base script converted
15:47:54,023 40870 [Thread-3] DEBUG amuse.nodes.extractor.ExtractorNodeScheduler - amuse.nodes.extractor.ExtractorNodeScheduler thread started
15:47:54,023 40870 [Thread-3] INFO  amuse.nodes.extractor.ExtractorNodeScheduler - Extractor node scheduler for 1517/1517-Artists/Alternative_and_Punk/3rd_Lane-Nightmare_of_Reality.wav configured; starting decoding..
15:47:54,045 40892 [Thread-3] INFO  amuse.util.audio.AudioFileConversion - Converting 3rd_Lane-Nightmare_of_Reality.mp3 to wave.
15:47:55,896 42743 [Thread-3] DEBUG amuse.util.audio.AudioFileConversion - Starting: tmp_3rd_Lane-Nightmare_of_Reality.mp3 44100kHz, 2
15:47:57,757 44604 [Thread-3] DEBUG amuse.util.audio.AudioFileConversion - Result: 3rd_Lane-Nightmare_of_Reality.wav 22050kHz, 1
15:47:58,051 44898 [Thread-3] INFO  amuse.nodes.extractor.ExtractorNodeScheduler - ..decoding completed!
15:47:58,054 44901 [Thread-3] DEBUG amuse.nodes.extractor.ExtractorNodeScheduler - Extractor is configured: amuse.nodes.extractor.methods.SonicAnnotatorAdapter
15:47:58,054 44901 [Thread-3] DEBUG amuse.nodes.extractor.methods.SonicAnnotatorAdapter - Starting feature extraction...
15:47:58,067 44914 [Thread-3] ERROR amuse.nodes.extractor.ExtractorNodeScheduler - Error occured during feature extraction with extractor 'SonicAnnotator': Extraction with Sonic Annotator failed: Cannot run program "/home/ginsel/workspace_git/amuse/tools/SonicAnnotator/sonic-annotator" (in directory "/home/ginsel/workspace_git/amuse/tools/SonicAnnotator"): error=13, Keine Berechtigung
15:47:58,068 44915 [Thread-3] DEBUG amuse.util.FileOperations - Unable to move file. Now using copy/delete.
15:47:58,068 44915 [Thread-3] DEBUG amuse.util.FileOperations - Copying: /home/ginsel/workspace_git/amuse/config/node/extractor/input/task_0/1/SonicAnnotator
15:47:58,069 44916 [Thread-3] DEBUG amuse.util.FileOperations - /home/ginsel/workspace_git/amuse/config/node/extractor/input/task_0/1/SonicAnnotator (Datei oder Verzeichnis nicht gefunden)
15:47:58,070 44917 [Thread-3] DEBUG amuse.util.FileOperations - /home/ginsel/workspace_git/amuse/config/node/extractor/input/task_0/1/SonicAnnotator (Datei oder Verzeichnis nicht gefunden)
15:47:58,070 44917 [Thread-3] ERROR amuse.nodes.extractor.ExtractorNodeScheduler - Could not move the features extracted by 'SonicAnnotator'
15:47:58,070 44917 [Thread-3] INFO  amuse.nodes.extractor.ExtractorNodeScheduler - All extractors finished their work
15:47:58,074 44921 [Thread-3] DEBUG amuse.util.FileOperations - Deleting: /home/ginsel/workspace_git/amuse/config/node/extractor/input/task_0/1/3rd_Lane-Nightmare_of_Reality.wav
15:47:58,078 44925 [Thread-3] INFO  amuse.scheduler.taskstarters.FeatureExtractionStarter - Job 0 ready
15:47:58,079 44926 [Thread-3] DEBUG amuse.util.FileOperations - Deleting: /home/ginsel/workspace_git/amuse/config/node/extractor/input/task_0
15:47:58,079 44926 [Thread-3] DEBUG amuse.util.FileOperations - Deleting: /home/ginsel/workspace_git/amuse/config/node/extractor/input/task_0
15:47:59,024 45871 [Thread-2] INFO  amuse.scheduler.taskstarters.FeatureExtractionStarter - 1/1 feature extraction jobs finished successfully!
15:48:23,282 70129 [Thread-4] DEBUG amuse.scheduler.taskstarters.FeatureExtractionStarter - Feature table loaded
15:48:23,293 70140 [Thread-4] DEBUG amuse.nodes.extractor.methods.SonicAnnotatorAdapter - Feature with ID '262' will be extracted with SonicAnnotator
15:48:23,296 70143 [Thread-4] DEBUG amuse.scheduler.taskstarters.FeatureExtractionStarter - SonicAnnotator base script converted
15:48:23,298 70145 [Thread-5] DEBUG amuse.nodes.extractor.ExtractorNodeScheduler - amuse.nodes.extractor.ExtractorNodeScheduler thread started
15:48:23,298 70145 [Thread-5] INFO  amuse.nodes.extractor.ExtractorNodeScheduler - Extractor node scheduler for 1517/1517-Artists/Alternative_and_Punk/3rd_Lane-Nightmare_of_Reality.wav configured; starting decoding..
15:48:23,303 70150 [Thread-5] INFO  amuse.util.audio.AudioFileConversion - Converting 3rd_Lane-Nightmare_of_Reality.mp3 to wave.
15:48:24,989 71836 [Thread-5] DEBUG amuse.util.audio.AudioFileConversion - Starting: tmp_3rd_Lane-Nightmare_of_Reality.mp3 44100kHz, 2
15:48:26,773 73620 [Thread-5] DEBUG amuse.util.audio.AudioFileConversion - Result: 3rd_Lane-Nightmare_of_Reality.wav 22050kHz, 1
15:48:27,066 73913 [Thread-5] INFO  amuse.nodes.extractor.ExtractorNodeScheduler - ..decoding completed!
15:48:27,068 73915 [Thread-5] DEBUG amuse.nodes.extractor.ExtractorNodeScheduler - Extractor is configured: amuse.nodes.extractor.methods.SonicAnnotatorAdapter
15:48:27,069 73916 [Thread-5] DEBUG amuse.nodes.extractor.methods.SonicAnnotatorAdapter - Starting feature extraction...
15:48:30,223 77070 [Thread-5] ERROR amuse.nodes.extractor.ExtractorNodeScheduler - Error occured during feature extraction with extractor 'SonicAnnotator': Cannot convert Sonic Annotator feature file to AMUSE feature file: amuse.nodes.extractor.methods.nnlsderived.ChordVector
15:48:30,229 77076 [Thread-5] DEBUG amuse.util.FileOperations - Moving: /home/ginsel/workspace_git/amuse/config/node/extractor/input/task_1/1/SonicAnnotator
15:48:30,230 77077 [Thread-5] DEBUG amuse.nodes.extractor.ExtractorNodeScheduler - Features extracted with 'SonicAnnotator' are copied to feature database
15:48:30,230 77077 [Thread-5] INFO  amuse.nodes.extractor.ExtractorNodeScheduler - All extractors finished their work
15:48:30,234 77081 [Thread-5] DEBUG amuse.util.FileOperations - Deleting: /home/ginsel/workspace_git/amuse/config/node/extractor/input/task_1/1/3rd_Lane-Nightmare_of_Reality.wav
15:48:30,239 77086 [Thread-5] DEBUG amuse.util.FileOperations - Deleting: /home/ginsel/workspace_git/amuse/config/node/extractor/input/task_1/1/SonicAnnotatorTMP/3rd_Lane-Nightmare_of_Reality_vamp_nnls-chroma_chordino_simplechord.csv
15:48:30,244 77091 [Thread-5] INFO  amuse.scheduler.taskstarters.FeatureExtractionStarter - Job 1 ready
15:48:30,244 77091 [Thread-5] DEBUG amuse.util.FileOperations - Deleting: /home/ginsel/workspace_git/amuse/config/node/extractor/input/task_1
15:48:30,245 77092 [Thread-5] DEBUG amuse.util.FileOperations - Deleting: /home/ginsel/workspace_git/amuse/config/node/extractor/input/task_1
15:48:30,299 77146 [Thread-4] INFO  amuse.scheduler.taskstarters.FeatureExtractionStarter - 1/1 feature extraction jobs finished successfully!
15:49:29,680 0    [main] INFO  class amuse.preferences.AmusePreferences - Using the environment variable 'AMUSEHOME'
15:49:29,905 225  [main] INFO  amuse.scheduler.pluginmanagement.PluginLoader - Plugin classes from amusePluginSonicAnnotator.jar loaded
15:49:29,906 226  [main] INFO  amuse.scheduler.Scheduler - Scheduler started...
15:49:57,302 27622 [Thread-0] DEBUG amuse.scheduler.taskstarters.FeatureExtractionStarter - Feature table loaded
15:49:57,362 27682 [Thread-0] DEBUG amuse.nodes.extractor.methods.SonicAnnotatorAdapter - Feature with ID '262' will be extracted with SonicAnnotator
15:49:57,379 27699 [Thread-0] DEBUG amuse.scheduler.taskstarters.FeatureExtractionStarter - SonicAnnotator base script converted
15:49:57,383 27703 [Thread-1] DEBUG amuse.nodes.extractor.ExtractorNodeScheduler - amuse.nodes.extractor.ExtractorNodeScheduler thread started
15:49:57,385 27705 [Thread-1] INFO  amuse.nodes.extractor.ExtractorNodeScheduler - Extractor node scheduler for 1517/1517-Artists/Alternative_and_Punk/3rd_Lane-Nightmare_of_Reality.wav configured; starting decoding..
15:49:57,407 27727 [Thread-1] INFO  amuse.util.audio.AudioFileConversion - Converting 3rd_Lane-Nightmare_of_Reality.mp3 to wave.
15:49:59,187 29507 [Thread-1] DEBUG amuse.util.audio.AudioFileConversion - Starting: tmp_3rd_Lane-Nightmare_of_Reality.mp3 44100kHz, 2
15:50:01,051 31371 [Thread-1] DEBUG amuse.util.audio.AudioFileConversion - Result: 3rd_Lane-Nightmare_of_Reality.wav 22050kHz, 1
15:50:01,355 31675 [Thread-1] INFO  amuse.nodes.extractor.ExtractorNodeScheduler - ..decoding completed!
15:50:01,360 31680 [Thread-1] DEBUG amuse.nodes.extractor.ExtractorNodeScheduler - Extractor is configured: amuse.nodes.extractor.methods.SonicAnnotatorAdapter
15:50:01,361 31681 [Thread-1] DEBUG amuse.nodes.extractor.methods.SonicAnnotatorAdapter - Starting feature extraction...
15:50:04,441 34761 [Thread-1] ERROR amuse.nodes.extractor.ExtractorNodeScheduler - Error occured during feature extraction with extractor 'SonicAnnotator': Cannot convert Sonic Annotator feature file to AMUSE feature file: amuse.nodes.extractor.methods.nnlsderived.ChordVector
15:50:04,446 34766 [Thread-1] DEBUG amuse.util.FileOperations - Moving: /home/ginsel/workspace_git/amuse/config/node/extractor/input/task_0/1/SonicAnnotator
15:50:04,447 34767 [Thread-1] DEBUG amuse.nodes.extractor.ExtractorNodeScheduler - Features extracted with 'SonicAnnotator' are copied to feature database
15:50:04,447 34767 [Thread-1] INFO  amuse.nodes.extractor.ExtractorNodeScheduler - All extractors finished their work
15:50:04,451 34771 [Thread-1] DEBUG amuse.util.FileOperations - Deleting: /home/ginsel/workspace_git/amuse/config/node/extractor/input/task_0/1/SonicAnnotatorTMP/3rd_Lane-Nightmare_of_Reality_vamp_nnls-chroma_chordino_simplechord.csv
15:50:04,453 34773 [Thread-1] DEBUG amuse.util.FileOperations - Deleting: /home/ginsel/workspace_git/amuse/config/node/extractor/input/task_0/1/3rd_Lane-Nightmare_of_Reality.wav
15:50:04,457 34777 [Thread-1] INFO  amuse.scheduler.taskstarters.FeatureExtractionStarter - Job 0 ready
15:50:04,458 34778 [Thread-1] DEBUG amuse.util.FileOperations - Deleting: /home/ginsel/workspace_git/amuse/config/node/extractor/input/task_0
15:50:04,460 34780 [Thread-1] DEBUG amuse.util.FileOperations - Deleting: /home/ginsel/workspace_git/amuse/config/node/extractor/input/task_0
15:50:05,383 35703 [Thread-0] INFO  amuse.scheduler.taskstarters.FeatureExtractionStarter - 1/1 feature extraction jobs finished successfully!
15:50:21,799 0    [main] INFO  class amuse.preferences.AmusePreferences - Using the environment variable 'AMUSEHOME'
15:50:21,994 195  [main] INFO  amuse.scheduler.pluginmanagement.PluginLoader - Plugin classes from amusePluginSonicAnnotator.jar loaded
15:50:21,995 196  [main] INFO  amuse.scheduler.Scheduler - Scheduler started...
15:50:28,839 7040 [Thread-0] INFO  amuse.scheduler.pluginmanagement.PluginRemover - Starting plugin removal..........
15:50:28,841 7042 [Thread-0] INFO  amuse.scheduler.pluginmanagement.PluginRemover - Starting plugin state check...
15:50:28,844 7045 [Thread-0] INFO  amuse.scheduler.pluginmanagement.PluginRemover - ..check passed (plugin installed)
15:50:28,846 7047 [Thread-0] INFO  amuse.scheduler.pluginmanagement.PluginRemover - Starting plugin list update...
15:50:28,854 7055 [Thread-0] DEBUG amuse.util.FileOperations - Moving: /home/ginsel/workspace_git/amuse/config/pluginTableUpdated.arff
15:50:28,855 7056 [Thread-0] INFO  amuse.scheduler.pluginmanagement.PluginRemover - ..update finished
15:50:28,856 7057 [Thread-0] INFO  amuse.scheduler.pluginmanagement.PluginRemover - Deleting the plugin jar...
15:50:28,859 7060 [Thread-0] INFO  amuse.util.FileOperations - Deleting: /home/ginsel/workspace_git/amuse/lib/plugins/amusePluginSonicAnnotator.jar
15:50:28,862 7063 [Thread-0] INFO  amuse.scheduler.pluginmanagement.PluginRemover - ..deleting finished
15:50:28,863 7064 [Thread-0] INFO  amuse.scheduler.pluginmanagement.PluginRemover - Starting tool removal and tool list update...
15:50:28,868 7069 [Thread-0] INFO  amuse.util.FileOperations - Deleting: /home/ginsel/workspace_git/amuse/tools/SonicAnnotator/SonicAnnotatorBaseModified.xml
15:50:28,870 7071 [Thread-0] INFO  amuse.util.FileOperations - Deleting: /home/ginsel/workspace_git/amuse/tools/SonicAnnotator/Plugins/nnls-chroma.n3
15:50:28,875 7076 [Thread-0] INFO  amuse.util.FileOperations - Deleting: /home/ginsel/workspace_git/amuse/tools/SonicAnnotator/Plugins/nnls-chroma.so
15:50:28,878 7079 [Thread-0] INFO  amuse.util.FileOperations - Deleting: /home/ginsel/workspace_git/amuse/tools/SonicAnnotator/Plugins/nnls-chroma.cat
15:50:28,881 7082 [Thread-0] INFO  amuse.util.FileOperations - Deleting: /home/ginsel/workspace_git/amuse/tools/SonicAnnotator/sonic-annotator
15:50:28,884 7085 [Thread-0] INFO  amuse.util.FileOperations - Deleting: /home/ginsel/workspace_git/amuse/tools/SonicAnnotator/SonicAnnotatorBase.xml
15:50:28,888 7089 [Thread-0] DEBUG amuse.util.FileOperations - Moving: /home/ginsel/workspace_git/amuse/config/toolTableUpdated.arff
15:50:28,889 7090 [Thread-0] INFO  amuse.scheduler.pluginmanagement.PluginRemover - ..removal and update finished
15:50:28,891 7092 [Thread-0] INFO  amuse.scheduler.pluginmanagement.PluginRemover - Starting feature list update...
15:50:28,909 7110 [Thread-0] DEBUG amuse.util.FileOperations - Moving: /home/ginsel/workspace_git/amuse/config/featureTableUpdated.arff
15:50:28,909 7110 [Thread-0] INFO  amuse.scheduler.pluginmanagement.PluginRemover - ..update finished
15:50:28,910 7111 [Thread-0] INFO  amuse.scheduler.pluginmanagement.PluginRemover - Starting feature extractor list update...
15:50:28,919 7120 [Thread-0] DEBUG amuse.util.FileOperations - Moving: /home/ginsel/workspace_git/amuse/config/featureExtractorToolTableUpdated.arff
15:50:28,920 7121 [Thread-0] INFO  amuse.scheduler.pluginmanagement.PluginRemover - ..update finished
15:50:28,920 7121 [Thread-0] INFO  amuse.scheduler.pluginmanagement.PluginRemover - Starting plugin-specific deinstallation routines...
15:50:28,927 7128 [Thread-0] INFO  amuse.scheduler.pluginmanagement.PluginRemover - ..deinstallation routines finished
15:50:28,927 7128 [Thread-0] INFO  amuse.scheduler.pluginmanagement.PluginRemover - Removing the plugin deinstallation data...
15:50:28,930 7131 [Thread-0] INFO  amuse.util.FileOperations - Deleting: /home/ginsel/workspace_git/amuse/config/plugininfo/3/featureTable.arff
15:50:28,932 7133 [Thread-0] INFO  amuse.util.FileOperations - Deleting: /home/ginsel/workspace_git/amuse/config/plugininfo/3/pluginManager.jar
15:50:28,933 7134 [Thread-0] INFO  amuse.util.FileOperations - Deleting: /home/ginsel/workspace_git/amuse/config/plugininfo/3/plugin.properties
15:50:28,935 7136 [Thread-0] INFO  amuse.util.FileOperations - Deleting: /home/ginsel/workspace_git/amuse/config/plugininfo/3/featureExtractorToolTable.arff
15:50:28,937 7138 [Thread-0] INFO  amuse.scheduler.pluginmanagement.PluginRemover - ..data removed
15:50:28,938 7139 [Thread-0] INFO  amuse.scheduler.pluginmanagement.PluginRemover - ..........plugin succesfully removed
15:50:39,308 17509 [Thread-1] INFO  amuse.scheduler.pluginmanagement.PluginInstaller - Starting plugin installation..........
15:50:39,310 17511 [Thread-1] INFO  amuse.scheduler.pluginmanagement.PluginInstaller - AMUSE version check...
15:50:39,312 17513 [Thread-1] INFO  amuse.scheduler.pluginmanagement.PluginInstaller - Required version: 0.1 beta; current version: 0.1 beta
15:50:39,313 17514 [Thread-1] INFO  amuse.scheduler.pluginmanagement.PluginInstaller - ..check passed
15:50:39,314 17515 [Thread-1] INFO  amuse.scheduler.pluginmanagement.PluginInstaller - Starting plugin state check...
15:50:39,317 17518 [Thread-1] INFO  amuse.scheduler.pluginmanagement.PluginInstaller - ..check passed (plugin not installed)
15:50:39,317 17518 [Thread-1] INFO  amuse.scheduler.pluginmanagement.PluginInstaller - Starting tool state check...
15:50:39,322 17523 [Thread-1] INFO  amuse.scheduler.pluginmanagement.PluginInstaller - ..check passed
15:50:39,324 17525 [Thread-1] INFO  amuse.scheduler.pluginmanagement.PluginInstaller - Starting copying of plugin jar...
15:50:39,327 17528 [Thread-1] INFO  amuse.util.FileOperations - Copying: /home/ginsel/workspace_git/AMUSE/amusePluginSonicAnnotator/amusePluginSonicAnnotator.jar
15:50:39,332 17533 [Thread-1] INFO  amuse.scheduler.pluginmanagement.PluginInstaller - ..copying finished
15:50:39,333 17534 [Thread-1] INFO  amuse.scheduler.pluginmanagement.PluginInstaller - Starting tool list update...
15:50:39,337 17538 [Thread-1] INFO  amuse.scheduler.pluginmanagement.PluginInstaller - Installing Sonic Annotator...
15:50:39,342 17543 [Thread-1] INFO  amuse.util.FileOperations - Copying: /home/ginsel/workspace_git/AMUSE/amusePluginSonicAnnotator/SonicAnnotator/SonicAnnotatorBase.xml
15:50:39,346 17547 [Thread-1] INFO  amuse.util.FileOperations - Copying: /home/ginsel/workspace_git/AMUSE/amusePluginSonicAnnotator/SonicAnnotator/Plugins/nnls-chroma.so
15:50:39,362 17563 [Thread-1] INFO  amuse.util.FileOperations - Copying: /home/ginsel/workspace_git/AMUSE/amusePluginSonicAnnotator/SonicAnnotator/Plugins/nnls-chroma.cat
15:50:39,370 17571 [Thread-1] INFO  amuse.util.FileOperations - Copying: /home/ginsel/workspace_git/AMUSE/amusePluginSonicAnnotator/SonicAnnotator/Plugins/nnls-chroma.n3
15:50:39,374 17575 [Thread-1] INFO  amuse.util.FileOperations - Copying: /home/ginsel/workspace_git/AMUSE/amusePluginSonicAnnotator/SonicAnnotator/sonic-annotator
15:50:39,563 17764 [Thread-1] INFO  amuse.scheduler.pluginmanagement.PluginInstaller - ..Sonic Annotator is successfully installed
15:50:39,568 17769 [Thread-1] DEBUG amuse.util.FileOperations - Moving: /home/ginsel/workspace_git/amuse/config/toolTableUpdated.arff
15:50:39,568 17769 [Thread-1] INFO  amuse.scheduler.pluginmanagement.PluginInstaller - ..update finished
15:50:39,568 17769 [Thread-1] INFO  amuse.scheduler.pluginmanagement.PluginInstaller - Starting feature extractors list update...
15:50:39,575 17776 [Thread-1] DEBUG amuse.util.FileOperations - Moving: /home/ginsel/workspace_git/amuse/config/featureExtractorToolTableUpdated.arff
15:50:39,576 17777 [Thread-1] INFO  amuse.scheduler.pluginmanagement.PluginInstaller - ..update finished
15:50:39,576 17777 [Thread-1] INFO  amuse.scheduler.pluginmanagement.PluginInstaller - Starting feature list update...
15:50:39,589 17790 [Thread-1] DEBUG amuse.util.FileOperations - Moving: /home/ginsel/workspace_git/amuse/config/featureTableUpdated.arff
15:50:39,590 17791 [Thread-1] INFO  amuse.scheduler.pluginmanagement.PluginInstaller - ..update finished
15:50:39,590 17791 [Thread-1] INFO  amuse.scheduler.pluginmanagement.PluginInstaller - Starting plugin list update...
15:50:39,595 17796 [Thread-1] DEBUG amuse.util.FileOperations - Moving: /home/ginsel/workspace_git/amuse/config/pluginTableUpdated.arff
15:50:39,596 17797 [Thread-1] INFO  amuse.scheduler.pluginmanagement.PluginInstaller - ..update finished
15:50:39,596 17797 [Thread-1] INFO  amuse.scheduler.pluginmanagement.PluginInstaller - Saving data for deinstallation...
15:50:39,598 17799 [Thread-1] INFO  amuse.util.FileOperations - Copying: /home/ginsel/workspace_git/AMUSE/amusePluginSonicAnnotator/plugin.properties
15:50:39,600 17801 [Thread-1] INFO  amuse.util.FileOperations - Copying: /home/ginsel/workspace_git/AMUSE/amusePluginSonicAnnotator/pluginManager.jar
15:50:39,602 17803 [Thread-1] INFO  amuse.util.FileOperations - Copying: /home/ginsel/workspace_git/AMUSE/amusePluginSonicAnnotator/featureTable.arff
15:50:39,604 17805 [Thread-1] INFO  amuse.util.FileOperations - Copying: /home/ginsel/workspace_git/AMUSE/amusePluginSonicAnnotator/featureExtractorToolTable.arff
15:50:39,607 17808 [Thread-1] INFO  amuse.scheduler.pluginmanagement.PluginInstaller - ..data saved
15:50:39,608 17809 [Thread-1] INFO  amuse.scheduler.pluginmanagement.PluginInstaller - Starting plugin-specific installation routines...
15:50:39,609 17810 [Thread-1] INFO  amuse.scheduler.pluginmanagement.PluginInstaller - ..installation routines finished
15:50:39,610 17811 [Thread-1] INFO  amuse.scheduler.pluginmanagement.PluginInstaller - ..........plugin succesfully installed
15:50:51,297 0    [main] INFO  class amuse.preferences.AmusePreferences - Using the environment variable 'AMUSEHOME'
15:50:51,515 218  [main] INFO  amuse.scheduler.pluginmanagement.PluginLoader - Plugin classes from amusePluginSonicAnnotator.jar loaded
15:50:51,516 219  [main] INFO  amuse.scheduler.Scheduler - Scheduler started...
15:51:10,508 19211 [Thread-0] DEBUG amuse.scheduler.taskstarters.FeatureExtractionStarter - Feature table loaded
15:51:10,536 19239 [Thread-0] DEBUG amuse.nodes.extractor.methods.SonicAnnotatorAdapter - Feature with ID '262' will be extracted with SonicAnnotator
15:51:10,584 19287 [Thread-0] DEBUG amuse.scheduler.taskstarters.FeatureExtractionStarter - SonicAnnotator base script converted
15:51:10,587 19290 [Thread-1] DEBUG amuse.nodes.extractor.ExtractorNodeScheduler - amuse.nodes.extractor.ExtractorNodeScheduler thread started
15:51:10,589 19292 [Thread-1] INFO  amuse.nodes.extractor.ExtractorNodeScheduler - Extractor node scheduler for 1517/1517-Artists/Alternative_and_Punk/3rd_Lane-Nightmare_of_Reality.wav configured; starting decoding..
15:51:10,609 19312 [Thread-1] INFO  amuse.util.audio.AudioFileConversion - Converting 3rd_Lane-Nightmare_of_Reality.mp3 to wave.
15:51:12,421 21124 [Thread-1] DEBUG amuse.util.audio.AudioFileConversion - Starting: tmp_3rd_Lane-Nightmare_of_Reality.mp3 44100kHz, 2
15:51:14,259 22962 [Thread-1] DEBUG amuse.util.audio.AudioFileConversion - Result: 3rd_Lane-Nightmare_of_Reality.wav 22050kHz, 1
15:51:14,554 23257 [Thread-1] INFO  amuse.nodes.extractor.ExtractorNodeScheduler - ..decoding completed!
15:51:14,557 23260 [Thread-1] DEBUG amuse.nodes.extractor.ExtractorNodeScheduler - Extractor is configured: amuse.nodes.extractor.methods.SonicAnnotatorAdapter
15:51:14,559 23262 [Thread-1] DEBUG amuse.nodes.extractor.methods.SonicAnnotatorAdapter - Starting feature extraction...
15:51:17,587 26290 [Thread-1] ERROR amuse.nodes.extractor.ExtractorNodeScheduler - Error occured during feature extraction with extractor 'SonicAnnotator': Cannot convert Sonic Annotator feature file to AMUSE feature file: amuse.nodes.extractor.methods.nnlsderived.ChordVector
15:51:17,592 26295 [Thread-1] DEBUG amuse.util.FileOperations - Moving: /home/ginsel/workspace_git/amuse/config/node/extractor/input/task_0/1/SonicAnnotator
15:51:17,594 26297 [Thread-1] DEBUG amuse.nodes.extractor.ExtractorNodeScheduler - Features extracted with 'SonicAnnotator' are copied to feature database
15:51:17,597 26300 [Thread-1] INFO  amuse.nodes.extractor.ExtractorNodeScheduler - All extractors finished their work
15:51:17,600 26303 [Thread-1] DEBUG amuse.util.FileOperations - Deleting: /home/ginsel/workspace_git/amuse/config/node/extractor/input/task_0/1/SonicAnnotatorTMP/3rd_Lane-Nightmare_of_Reality_vamp_nnls-chroma_chordino_simplechord.csv
15:51:17,603 26306 [Thread-1] DEBUG amuse.util.FileOperations - Deleting: /home/ginsel/workspace_git/amuse/config/node/extractor/input/task_0/1/3rd_Lane-Nightmare_of_Reality.wav
15:51:17,607 26310 [Thread-1] INFO  amuse.scheduler.taskstarters.FeatureExtractionStarter - Job 0 ready
15:51:17,609 26312 [Thread-1] DEBUG amuse.util.FileOperations - Deleting: /home/ginsel/workspace_git/amuse/config/node/extractor/input/task_0
15:51:17,611 26314 [Thread-1] DEBUG amuse.util.FileOperations - Deleting: /home/ginsel/workspace_git/amuse/config/node/extractor/input/task_0
15:51:18,588 27291 [Thread-0] INFO  amuse.scheduler.taskstarters.FeatureExtractionStarter - 1/1 feature extraction jobs finished successfully!
11:28:45,316 0    [main] INFO  class amuse.preferences.AmusePreferences - Using the environment variable 'AMUSEHOME'
11:28:45,623 307  [main] INFO  amuse.scheduler.pluginmanagement.PluginLoader - Plugin classes from amusePluginSonicAnnotator.jar loaded
11:28:45,624 308  [main] INFO  amuse.scheduler.Scheduler - Scheduler started...
11:28:51,141 5825 [Thread-0] INFO  amuse.scheduler.pluginmanagement.PluginRemover - Starting plugin removal..........
11:28:51,144 5828 [Thread-0] INFO  amuse.scheduler.pluginmanagement.PluginRemover - Starting plugin state check...
11:28:51,148 5832 [Thread-0] INFO  amuse.scheduler.pluginmanagement.PluginRemover - ..check passed (plugin installed)
11:28:51,149 5833 [Thread-0] INFO  amuse.scheduler.pluginmanagement.PluginRemover - Starting plugin list update...
11:28:51,156 5840 [Thread-0] DEBUG amuse.util.FileOperations - Moving: /home/ginsel/workspace_git/amuse/config/pluginTableUpdated.arff
11:28:51,157 5841 [Thread-0] INFO  amuse.scheduler.pluginmanagement.PluginRemover - ..update finished
11:28:51,160 5844 [Thread-0] INFO  amuse.scheduler.pluginmanagement.PluginRemover - Deleting the plugin jar...
11:28:51,162 5846 [Thread-0] INFO  amuse.util.FileOperations - Deleting: /home/ginsel/workspace_git/amuse/lib/plugins/amusePluginSonicAnnotator.jar
11:28:51,164 5848 [Thread-0] INFO  amuse.scheduler.pluginmanagement.PluginRemover - ..deleting finished
11:28:51,165 5849 [Thread-0] INFO  amuse.scheduler.pluginmanagement.PluginRemover - Starting tool removal and tool list update...
11:28:51,170 5854 [Thread-0] INFO  amuse.util.FileOperations - Deleting: /home/ginsel/workspace_git/amuse/tools/SonicAnnotator/Plugins/nnls-chroma.n3
11:28:51,174 5858 [Thread-0] INFO  amuse.util.FileOperations - Deleting: /home/ginsel/workspace_git/amuse/tools/SonicAnnotator/Plugins/nnls-chroma.so
11:28:51,203 5887 [Thread-0] INFO  amuse.util.FileOperations - Deleting: /home/ginsel/workspace_git/amuse/tools/SonicAnnotator/Plugins/nnls-chroma.cat
11:28:51,205 5889 [Thread-0] INFO  amuse.util.FileOperations - Deleting: /home/ginsel/workspace_git/amuse/tools/SonicAnnotator/sonic-annotator
11:28:51,230 5914 [Thread-0] INFO  amuse.util.FileOperations - Deleting: /home/ginsel/workspace_git/amuse/tools/SonicAnnotator/SonicAnnotatorBaseModified.xml
11:28:51,232 5916 [Thread-0] INFO  amuse.util.FileOperations - Deleting: /home/ginsel/workspace_git/amuse/tools/SonicAnnotator/SonicAnnotatorBase.xml
11:28:51,236 5920 [Thread-0] DEBUG amuse.util.FileOperations - Moving: /home/ginsel/workspace_git/amuse/config/toolTableUpdated.arff
11:28:51,237 5921 [Thread-0] INFO  amuse.scheduler.pluginmanagement.PluginRemover - ..removal and update finished
11:28:51,239 5923 [Thread-0] INFO  amuse.scheduler.pluginmanagement.PluginRemover - Starting feature list update...
11:28:51,259 5943 [Thread-0] DEBUG amuse.util.FileOperations - Moving: /home/ginsel/workspace_git/amuse/config/featureTableUpdated.arff
11:28:51,260 5944 [Thread-0] INFO  amuse.scheduler.pluginmanagement.PluginRemover - ..update finished
11:28:51,260 5944 [Thread-0] INFO  amuse.scheduler.pluginmanagement.PluginRemover - Starting feature extractor list update...
11:28:51,269 5953 [Thread-0] DEBUG amuse.util.FileOperations - Moving: /home/ginsel/workspace_git/amuse/config/featureExtractorToolTableUpdated.arff
11:28:51,270 5954 [Thread-0] INFO  amuse.scheduler.pluginmanagement.PluginRemover - ..update finished
11:28:51,272 5956 [Thread-0] INFO  amuse.scheduler.pluginmanagement.PluginRemover - Starting plugin-specific deinstallation routines...
11:28:51,309 5993 [Thread-0] INFO  amuse.scheduler.pluginmanagement.PluginRemover - ..deinstallation routines finished
11:28:51,311 5995 [Thread-0] INFO  amuse.scheduler.pluginmanagement.PluginRemover - Removing the plugin deinstallation data...
11:28:51,312 5996 [Thread-0] INFO  amuse.util.FileOperations - Deleting: /home/ginsel/workspace_git/amuse/config/plugininfo/3/featureTable.arff
11:28:51,314 5998 [Thread-0] INFO  amuse.util.FileOperations - Deleting: /home/ginsel/workspace_git/amuse/config/plugininfo/3/pluginManager.jar
11:28:51,316 6000 [Thread-0] INFO  amuse.util.FileOperations - Deleting: /home/ginsel/workspace_git/amuse/config/plugininfo/3/plugin.properties
11:28:51,318 6002 [Thread-0] INFO  amuse.util.FileOperations - Deleting: /home/ginsel/workspace_git/amuse/config/plugininfo/3/featureExtractorToolTable.arff
11:28:51,319 6003 [Thread-0] INFO  amuse.scheduler.pluginmanagement.PluginRemover - ..data removed
11:28:51,321 6005 [Thread-0] INFO  amuse.scheduler.pluginmanagement.PluginRemover - ..........plugin succesfully removed
11:29:18,587 33271 [Thread-1] INFO  amuse.scheduler.pluginmanagement.PluginInstaller - Starting plugin installation..........
11:29:18,588 33272 [Thread-1] INFO  amuse.scheduler.pluginmanagement.PluginInstaller - AMUSE version check...
11:29:18,589 33273 [Thread-1] INFO  amuse.scheduler.pluginmanagement.PluginInstaller - Required version: 0.1 beta; current version: 0.1 beta
11:29:18,589 33273 [Thread-1] INFO  amuse.scheduler.pluginmanagement.PluginInstaller - ..check passed
11:29:18,589 33273 [Thread-1] INFO  amuse.scheduler.pluginmanagement.PluginInstaller - Starting plugin state check...
11:29:18,591 33275 [Thread-1] INFO  amuse.scheduler.pluginmanagement.PluginInstaller - ..check passed (plugin not installed)
11:29:18,594 33278 [Thread-1] INFO  amuse.scheduler.pluginmanagement.PluginInstaller - Starting tool state check...
11:29:18,598 33282 [Thread-1] INFO  amuse.scheduler.pluginmanagement.PluginInstaller - ..check passed
11:29:18,598 33282 [Thread-1] INFO  amuse.scheduler.pluginmanagement.PluginInstaller - Starting copying of plugin jar...
11:29:18,599 33283 [Thread-1] INFO  amuse.util.FileOperations - Copying: /home/ginsel/workspace_git/AMUSE/amusePluginSonicAnnotator/amusePluginSonicAnnotator.jar
11:29:18,602 33286 [Thread-1] INFO  amuse.scheduler.pluginmanagement.PluginInstaller - ..copying finished
11:29:18,602 33286 [Thread-1] INFO  amuse.scheduler.pluginmanagement.PluginInstaller - Starting tool list update...
11:29:18,605 33289 [Thread-1] INFO  amuse.scheduler.pluginmanagement.PluginInstaller - Installing Sonic Annotator...
11:29:18,607 33291 [Thread-1] INFO  amuse.util.FileOperations - Copying: /home/ginsel/workspace_git/AMUSE/amusePluginSonicAnnotator/SonicAnnotator/SonicAnnotatorBase.xml
11:29:18,612 33296 [Thread-1] INFO  amuse.util.FileOperations - Copying: /home/ginsel/workspace_git/AMUSE/amusePluginSonicAnnotator/SonicAnnotator/Plugins/nnls-chroma.so
11:29:18,627 33311 [Thread-1] INFO  amuse.util.FileOperations - Copying: /home/ginsel/workspace_git/AMUSE/amusePluginSonicAnnotator/SonicAnnotator/Plugins/nnls-chroma.cat
11:29:18,630 33314 [Thread-1] INFO  amuse.util.FileOperations - Copying: /home/ginsel/workspace_git/AMUSE/amusePluginSonicAnnotator/SonicAnnotator/Plugins/nnls-chroma.n3
11:29:18,632 33316 [Thread-1] INFO  amuse.util.FileOperations - Copying: /home/ginsel/workspace_git/AMUSE/amusePluginSonicAnnotator/SonicAnnotator/sonic-annotator
11:29:18,821 33505 [Thread-1] INFO  amuse.scheduler.pluginmanagement.PluginInstaller - ..Sonic Annotator is successfully installed
11:29:18,826 33510 [Thread-1] DEBUG amuse.util.FileOperations - Moving: /home/ginsel/workspace_git/amuse/config/toolTableUpdated.arff
11:29:18,826 33510 [Thread-1] INFO  amuse.scheduler.pluginmanagement.PluginInstaller - ..update finished
11:29:18,828 33512 [Thread-1] INFO  amuse.scheduler.pluginmanagement.PluginInstaller - Starting feature extractors list update...
11:29:18,837 33521 [Thread-1] DEBUG amuse.util.FileOperations - Moving: /home/ginsel/workspace_git/amuse/config/featureExtractorToolTableUpdated.arff
11:29:18,837 33521 [Thread-1] INFO  amuse.scheduler.pluginmanagement.PluginInstaller - ..update finished
11:29:18,839 33523 [Thread-1] INFO  amuse.scheduler.pluginmanagement.PluginInstaller - Starting feature list update...
11:29:18,853 33537 [Thread-1] DEBUG amuse.util.FileOperations - Moving: /home/ginsel/workspace_git/amuse/config/featureTableUpdated.arff
11:29:18,853 33537 [Thread-1] INFO  amuse.scheduler.pluginmanagement.PluginInstaller - ..update finished
11:29:18,855 33539 [Thread-1] INFO  amuse.scheduler.pluginmanagement.PluginInstaller - Starting plugin list update...
11:29:18,860 33544 [Thread-1] DEBUG amuse.util.FileOperations - Moving: /home/ginsel/workspace_git/amuse/config/pluginTableUpdated.arff
11:29:18,860 33544 [Thread-1] INFO  amuse.scheduler.pluginmanagement.PluginInstaller - ..update finished
11:29:18,861 33545 [Thread-1] INFO  amuse.scheduler.pluginmanagement.PluginInstaller - Saving data for deinstallation...
11:29:18,862 33546 [Thread-1] INFO  amuse.util.FileOperations - Copying: /home/ginsel/workspace_git/AMUSE/amusePluginSonicAnnotator/plugin.properties
11:29:18,864 33548 [Thread-1] INFO  amuse.util.FileOperations - Copying: /home/ginsel/workspace_git/AMUSE/amusePluginSonicAnnotator/pluginManager.jar
11:29:18,869 33553 [Thread-1] INFO  amuse.util.FileOperations - Copying: /home/ginsel/workspace_git/AMUSE/amusePluginSonicAnnotator/featureTable.arff
11:29:18,871 33555 [Thread-1] INFO  amuse.util.FileOperations - Copying: /home/ginsel/workspace_git/AMUSE/amusePluginSonicAnnotator/featureExtractorToolTable.arff
11:29:18,873 33557 [Thread-1] INFO  amuse.scheduler.pluginmanagement.PluginInstaller - ..data saved
11:29:18,874 33558 [Thread-1] INFO  amuse.scheduler.pluginmanagement.PluginInstaller - Starting plugin-specific installation routines...
11:29:18,875 33559 [Thread-1] INFO  amuse.scheduler.pluginmanagement.PluginInstaller - ..installation routines finished
11:29:18,875 33559 [Thread-1] INFO  amuse.scheduler.pluginmanagement.PluginInstaller - ..........plugin succesfully installed
11:29:50,031 0    [main] INFO  class amuse.preferences.AmusePreferences - Using the environment variable 'AMUSEHOME'
11:29:50,243 212  [main] INFO  amuse.scheduler.pluginmanagement.PluginLoader - Plugin classes from amusePluginSonicAnnotator.jar loaded
11:29:50,247 216  [main] INFO  amuse.scheduler.Scheduler - Scheduler started...
11:30:04,495 14464 [Thread-0] DEBUG amuse.scheduler.taskstarters.FeatureExtractionStarter - Feature table loaded
11:30:04,522 14491 [Thread-0] DEBUG amuse.nodes.extractor.methods.SonicAnnotatorAdapter - Feature with ID '262' will be extracted with SonicAnnotator
11:30:04,580 14549 [Thread-0] DEBUG amuse.scheduler.taskstarters.FeatureExtractionStarter - SonicAnnotator base script converted
11:30:04,584 14553 [Thread-1] DEBUG amuse.nodes.extractor.ExtractorNodeScheduler - amuse.nodes.extractor.ExtractorNodeScheduler thread started
11:30:04,587 14556 [Thread-1] INFO  amuse.nodes.extractor.ExtractorNodeScheduler - Extractor node scheduler for 1517/1517-Artists/Alternative_and_Punk/3rd_Lane-Nightmare_of_Reality.wav configured; starting decoding..
11:30:04,648 14617 [Thread-1] INFO  amuse.util.audio.AudioFileConversion - Converting 3rd_Lane-Nightmare_of_Reality.mp3 to wave.
11:30:06,502 16471 [Thread-1] DEBUG amuse.util.audio.AudioFileConversion - Starting: tmp_3rd_Lane-Nightmare_of_Reality.mp3 44100kHz, 2
11:30:08,344 18313 [Thread-1] DEBUG amuse.util.audio.AudioFileConversion - Result: 3rd_Lane-Nightmare_of_Reality.wav 22050kHz, 1
11:30:08,641 18610 [Thread-1] INFO  amuse.nodes.extractor.ExtractorNodeScheduler - ..decoding completed!
11:30:08,645 18614 [Thread-1] DEBUG amuse.nodes.extractor.ExtractorNodeScheduler - Extractor is configured: amuse.nodes.extractor.methods.SonicAnnotatorAdapter
11:30:08,647 18616 [Thread-1] DEBUG amuse.nodes.extractor.methods.SonicAnnotatorAdapter - Starting feature extraction...
11:30:12,304 22273 [Thread-1] DEBUG amuse.util.FileOperations - Moving: /home/ginsel/workspace_git/amuse/config/node/extractor/input/task_0/1/SonicAnnotator
11:30:12,306 22275 [Thread-1] DEBUG amuse.nodes.extractor.ExtractorNodeScheduler - Features extracted with 'SonicAnnotator' are copied to feature database
11:30:12,307 22276 [Thread-1] INFO  amuse.nodes.extractor.ExtractorNodeScheduler - All extractors finished their work
11:30:12,310 22279 [Thread-1] DEBUG amuse.util.FileOperations - Deleting: /home/ginsel/workspace_git/amuse/config/node/extractor/input/task_0/1/3rd_Lane-Nightmare_of_Reality.wav
11:30:12,314 22283 [Thread-1] DEBUG amuse.util.FileOperations - Deleting: /home/ginsel/workspace_git/amuse/config/node/extractor/input/task_0/1/SonicAnnotatorTMP/3rd_Lane-Nightmare_of_Reality_vamp_nnls-chroma_chordino_simplechord.csv
11:30:12,319 22288 [Thread-1] INFO  amuse.scheduler.taskstarters.FeatureExtractionStarter - Job 0 ready
11:30:12,320 22289 [Thread-1] DEBUG amuse.util.FileOperations - Deleting: /home/ginsel/workspace_git/amuse/config/node/extractor/input/task_0
11:30:12,322 22291 [Thread-1] DEBUG amuse.util.FileOperations - Deleting: /home/ginsel/workspace_git/amuse/config/node/extractor/input/task_0
11:30:12,584 22553 [Thread-0] INFO  amuse.scheduler.taskstarters.FeatureExtractionStarter - 1/1 feature extraction jobs finished successfully!
11:31:37,617 107586 [Thread-3] DEBUG amuse.nodes.processor.ProcessorNodeScheduler - amuse.nodes.processor.ProcessorNodeScheduler thread started
11:31:37,619 107588 [Thread-3] INFO  amuse.nodes.processor.ProcessorNodeScheduler - Processor node scheduler for /home/vatol/Music/Database/1517/1517-Artists/Alternative_and_Punk/3rd_Lane-Nightmare_of_Reality.mp3 started
11:31:37,675 107644 [Thread-3] INFO  amuse.nodes.processor.ProcessorNodeScheduler - Processor step is configured: amuse.nodes.processor.methods.converters.AdaptiveOnsetGMM1Converter
11:31:37,676 107645 [Thread-3] INFO  amuse.nodes.processor.methods.converters.AdaptiveOnsetGMM1Converter - Starting the GMM conversion...
11:31:37,678 107647 [Thread-3] ERROR amuse.nodes.processor.ProcessorNodeScheduler - Problem(s) occured during conversion from matrix to vector: Problem occured during feature conversion: Could not load the time events: /home/ginsel/music/Features/1517/1517-Artists/Alternative_and_Punk/3rd_Lane-Nightmare_of_Reality/3rd_Lane-Nightmare_of_Reality_423.arff
11:31:37,679 107648 [Thread-3] INFO  amuse.scheduler.taskstarters.FeatureProcessingStarter - Job 1 ready
11:31:37,680 107649 [Thread-3] DEBUG amuse.util.FileOperations - Deleting: /home/ginsel/workspace_git/amuse/config/node/processor/input/task_1
11:31:37,682 107651 [Thread-3] DEBUG amuse.util.FileOperations - Deleting: /home/ginsel/workspace_git/amuse/config/node/processor/input/task_1
11:31:38,618 108587 [Thread-2] ERROR amuse.scheduler.taskstarters.FeatureProcessingStarter - 0/1 feature processing jobs finished successfully!
11:31:38,621 108590 [Thread-2] ERROR amuse.scheduler.taskstarters.FeatureProcessingStarter - Error occured while processing the following files:
/home/vatol/Music/Database/1517/1517-Artists/Alternative_and_Punk/3rd_Lane-Nightmare_of_Reality.mp3
11:32:05,800 135769 [Thread-5] DEBUG amuse.nodes.processor.ProcessorNodeScheduler - amuse.nodes.processor.ProcessorNodeScheduler thread started
11:32:05,802 135771 [Thread-5] INFO  amuse.nodes.processor.ProcessorNodeScheduler - Processor node scheduler for /home/vatol/Music/Database/1517/1517-Artists/Alternative_and_Punk/3rd_Lane-Nightmare_of_Reality.mp3 started
11:32:05,824 135793 [Thread-5] INFO  amuse.nodes.processor.ProcessorNodeScheduler - Processor step is configured: amuse.nodes.processor.methods.converters.QuartileConverter
11:32:05,825 135794 [Thread-5] INFO  amuse.nodes.processor.methods.converters.QuartileConverter - Starting the quartile conversion...
11:32:11,631 141600 [Thread-5] INFO  amuse.nodes.processor.methods.converters.QuartileConverter - ...conversion succeeded
11:32:11,671 141640 [Thread-5] INFO  amuse.scheduler.taskstarters.FeatureProcessingStarter - Job 2 ready
11:32:11,672 141641 [Thread-5] DEBUG amuse.util.FileOperations - Deleting: /home/ginsel/workspace_git/amuse/config/node/processor/input/task_2
11:32:11,673 141642 [Thread-5] DEBUG amuse.util.FileOperations - Deleting: /home/ginsel/workspace_git/amuse/config/node/processor/input/task_2
11:32:11,800 141769 [Thread-4] INFO  amuse.scheduler.taskstarters.FeatureProcessingStarter - 1/1 feature processing jobs finished successfully!
